<?xml version="1.0" encoding="UTF-8"?>
<testng-results ignored="0" total="3" passed="3" failed="0" skipped="0">
  <reporter-output>
  </reporter-output>
  <suite started-at="2026-07-21T08:19:52 IST" name="BDD Parallel Suite" finished-at="2026-07-21T08:20:20 IST" duration-ms="27779">
    <groups>
      <group name="cucumber">
        <method signature="AbstractTestNGCucumberTests.runScenario(io.cucumber.testng.PickleWrapper,io.cucumber.testng.FeatureWrapper)[pri:0, instance:runners.TestRunner@169bb4dd]" name="runScenario" class="io.cucumber.testng.AbstractTestNGCucumberTests"/>
      </group> <!-- cucumber -->
    </groups>
    <test started-at="2026-07-21T08:19:52 IST" name="Cucumber Tests" finished-at="2026-07-21T08:20:20 IST" duration-ms="27779">
      <class name="runners.TestRunner">
        <test-method is-config="true" signature="setUpClass(org.testng.ITestContext)[pri:0, instance:runners.TestRunner@169bb4dd]" started-at="2026-07-21T08:19:52 IST" name="setUpClass" finished-at="2026-07-21T08:19:53 IST" duration-ms="1067" status="PASS">
          <params>
            <param index="0">
              <value>
                <![CDATA[org.testng.TestRunner@2663e964]]>
              </value>
            </param>
          </params>
          <reporter-output>
          </reporter-output>
        </test-method> <!-- setUpClass -->
        <test-method signature="runScenario(io.cucumber.testng.PickleWrapper,io.cucumber.testng.FeatureWrapper)[pri:0, instance:runners.TestRunner@169bb4dd]" started-at="2026-07-21T08:19:54 IST" name="runScenario" description="Runs Cucumber Scenarios" data-provider="scenarios" finished-at="2026-07-21T08:20:19 IST" duration-ms="25114" status="PASS">
          <params>
            <param index="0">
              <value>
                <![CDATA["For Invalid username Login Test"]]>
              </value>
            </param>
            <param index="1">
              <value>
                <![CDATA["OrangeHRM Login"]]>
              </value>
            </param>
          </params>
          <reporter-output>
          </reporter-output>
        </test-method> <!-- runScenario -->
        <test-method signature="runScenario(io.cucumber.testng.PickleWrapper,io.cucumber.testng.FeatureWrapper)[pri:0, instance:runners.TestRunner@169bb4dd]" started-at="2026-07-21T08:19:54 IST" name="runScenario" description="Runs Cucumber Scenarios" data-provider="scenarios" finished-at="2026-07-21T08:20:17 IST" duration-ms="23632" status="PASS">
          <params>
            <param index="0">
              <value>
                <![CDATA["For invalid password Login Test"]]>
              </value>
            </param>
            <param index="1">
              <value>
                <![CDATA["OrangeHRM Login"]]>
              </value>
            </param>
          </params>
          <reporter-output>
          </reporter-output>
        </test-method> <!-- runScenario -->
        <test-method signature="runScenario(io.cucumber.testng.PickleWrapper,io.cucumber.testng.FeatureWrapper)[pri:0, instance:runners.TestRunner@169bb4dd]" started-at="2026-07-21T08:19:54 IST" name="runScenario" description="Runs Cucumber Scenarios" data-provider="scenarios" finished-at="2026-07-21T08:20:17 IST" duration-ms="23569" status="PASS">
          <params>
            <param index="0">
              <value>
                <![CDATA["Successful Login using Excel"]]>
              </value>
            </param>
            <param index="1">
              <value>
                <![CDATA["OrangeHRM Login"]]>
              </value>
            </param>
          </params>
          <reporter-output>
          </reporter-output>
        </test-method> <!-- runScenario -->
        <test-method is-config="true" signature="tearDownClass()[pri:0, instance:runners.TestRunner@169bb4dd]" started-at="2026-07-21T08:20:19 IST" name="tearDownClass" finished-at="2026-07-21T08:20:20 IST" duration-ms="1492" status="PASS">
          <reporter-output>
          </reporter-output>
        </test-method> <!-- tearDownClass -->
      </class> <!-- runners.TestRunner -->
    </test> <!-- Cucumber Tests -->
  </suite> <!-- BDD Parallel Suite -->
</testng-results>
