<?xml version="1.0" encoding="UTF-8"?>
<testsuite xmlns:xsi="http://www.w3.org/2001/XMLSchema-instance" xsi:noNamespaceSchemaLocation="https://maven.apache.org/surefire/maven-surefire-plugin/xsd/surefire-test-report.xsd" version="3.0.2" name="TestSuite" time="40.125" tests="3" errors="0" skipped="0" failures="0">
  <properties>
[...]
</properties>
  <testcase name="runScenario[&quot;Successful Login using Excel&quot;, &quot;OrangeHRM Login&quot;](2)" classname="runners.TestRunner" time="35.359">
    <system-out><![CDATA[
Scenario: For invalid password Login Test       # src/test/resources/features/login.feature:15

Scenario: Successful Login using Excel          # src/test/resources/features/login.feature:3

Scenario: For Invalid username Login Test       # src/test/resources/features/login.feature:9
2026-08-06 09:16:08 INFO  [TestNG-PoolService-3] hooks.Hooks - ======================================
2026-08-06 09:16:08 INFO  [TestNG-PoolService-2] hooks.Hooks - ======================================
2026-08-06 09:16:08 INFO  [TestNG-PoolService-1] hooks.Hooks - ======================================
2026-08-06 09:16:08 INFO  [TestNG-PoolService-1] hooks.Hooks - Test Execution Started
2026-08-06 09:16:08 INFO  [TestNG-PoolService-3] hooks.Hooks - Test Execution Started
2026-08-06 09:16:08 INFO  [TestNG-PoolService-3] hooks.Hooks - Scenario : For invalid password Login Test
2026-08-06 09:16:08 INFO  [TestNG-PoolService-2] hooks.Hooks - Test Execution Started
2026-08-06 09:16:08 INFO  [TestNG-PoolService-1] hooks.Hooks - Scenario : Successful Login using Excel
2026-08-06 09:16:08 INFO  [TestNG-PoolService-2] hooks.Hooks - Scenario : For Invalid username Login Test
2026-08-06 09:16:08 INFO  [TestNG-PoolService-3] hooks.Hooks - Thread ID : 30
2026-08-06 09:16:08 INFO  [TestNG-PoolService-1] hooks.Hooks - Thread ID : 28
2026-08-06 09:16:08 INFO  [TestNG-PoolService-2] hooks.Hooks - Thread ID : 29
2026-08-06 09:16:08 INFO  [TestNG-PoolService-1] hooks.Hooks - Browser : chrome
2026-08-06 09:16:08 INFO  [TestNG-PoolService-3] hooks.Hooks - Browser : chrome
2026-08-06 09:16:08 INFO  [TestNG-PoolService-1] hooks.Hooks - Application URL : https://opensource-demo.orangehrmlive.com/
2026-08-06 09:16:08 INFO  [TestNG-PoolService-3] hooks.Hooks - Application URL : https://opensource-demo.orangehrmlive.com/
2026-08-06 09:16:08 INFO  [TestNG-PoolService-2] hooks.Hooks - Browser : chrome
2026-08-06 09:16:08 INFO  [TestNG-PoolService-2] hooks.Hooks - Application URL : https://opensource-demo.orangehrmlive.com/
--------------------------------
--------------------------------
Thread ID : 28
Browser   : chrome
--------------------------------
--------------------------------
Thread ID : 29
Browser   : chrome
--------------------------------
Thread ID : 30
Browser   : chrome
--------------------------------
Thread : 28 -> Driver : ChromeDriver: chrome on windows (2f906229a08923279f758acac2baeabc)
Thread : 30 -> Driver : ChromeDriver: chrome on windows (17c173fd56d3e530a6519569f3980be5)
Thread : 30 -> Driver : ChromeDriver: chrome on windows (17c173fd56d3e530a6519569f3980be5)
Thread : 30 -> Driver : ChromeDriver: chrome on windows (17c173fd56d3e530a6519569f3980be5)
Driver Created : ChromeDriver: chrome on windows (17c173fd56d3e530a6519569f3980be5)
Thread : 30 -> Driver : ChromeDriver: chrome on windows (17c173fd56d3e530a6519569f3980be5)
Thread : 28 -> Driver : ChromeDriver: chrome on windows (2f906229a08923279f758acac2baeabc)
Thread : 28 -> Driver : ChromeDriver: chrome on windows (2f906229a08923279f758acac2baeabc)
Driver Created : ChromeDriver: chrome on windows (2f906229a08923279f758acac2baeabc)
Thread : 28 -> Driver : ChromeDriver: chrome on windows (2f906229a08923279f758acac2baeabc)
Thread : 29 -> Driver : ChromeDriver: chrome on windows (597af23449dc0a7890b79283809bda85)
Thread : 29 -> Driver : ChromeDriver: chrome on windows (597af23449dc0a7890b79283809bda85)
Thread : 29 -> Driver : ChromeDriver: chrome on windows (597af23449dc0a7890b79283809bda85)
Driver Created : ChromeDriver: chrome on windows (597af23449dc0a7890b79283809bda85)
Thread : 29 -> Driver : ChromeDriver: chrome on windows (597af23449dc0a7890b79283809bda85)
2026-08-06 09:16:32 INFO  [TestNG-PoolService-3] hooks.Hooks - Browser launched successfully
2026-08-06 09:16:32 INFO  [TestNG-PoolService-3] hooks.Hooks - ======================================
2026-08-06 09:16:32 INFO  [TestNG-PoolService-1] hooks.Hooks - Browser launched successfully
2026-08-06 09:16:32 INFO  [TestNG-PoolService-1] hooks.Hooks - ======================================
2026-08-06 09:16:35 INFO  [TestNG-PoolService-2] hooks.Hooks - Browser launched successfully
2026-08-06 09:16:35 INFO  [TestNG-PoolService-2] hooks.Hooks - ======================================
  Given User launches the OrangeHRM application # stepDefinitions.LoginSteps.launchApplication()
  Given User launches the OrangeHRM application # stepDefinitions.LoginSteps.launchApplication()
  Given User launches the OrangeHRM application # stepDefinitions.LoginSteps.launchApplication()
  When User logs in with test data "TC001"      # stepDefinitions.LoginSteps.loginUsingTestData(java.lang.String)
Logged in user: Admin
  When User logs in with test data "TC001"      # stepDefinitions.LoginSteps.loginUsingTestData(java.lang.String)
Logged in user: Admin
  When User logs in with test data "TC001"      # stepDefinitions.LoginSteps.loginUsingTestData(java.lang.String)
Logged in user: Admin
  Then User should navigate to Dashboard        # stepDefinitions.LoginSteps.verifyDashboard()
2026-08-06 09:16:41 INFO  [TestNG-PoolService-2] hooks.Hooks - --------------------------------------
2026-08-06 09:16:41 INFO  [TestNG-PoolService-2] hooks.Hooks - Scenario Status : PASSED
  Then User should navigate to Dashboard        # stepDefinitions.LoginSteps.verifyDashboard()
2026-08-06 09:16:41 INFO  [TestNG-PoolService-3] hooks.Hooks - --------------------------------------
2026-08-06 09:16:41 INFO  [TestNG-PoolService-3] hooks.Hooks - Scenario Status : PASSED
  Then User should navigate to Dashboard        # stepDefinitions.LoginSteps.verifyDashboard()
2026-08-06 09:16:41 INFO  [TestNG-PoolService-1] hooks.Hooks - --------------------------------------
2026-08-06 09:16:41 INFO  [TestNG-PoolService-1] hooks.Hooks - Scenario Status : PASSED
2026-08-06 09:16:42 INFO  [TestNG-PoolService-1] hooks.Hooks - Browser closed successfully
2026-08-06 09:16:42 INFO  [TestNG-PoolService-1] hooks.Hooks - Test Execution Completed
2026-08-06 09:16:42 INFO  [TestNG-PoolService-1] hooks.Hooks - --------------------------------------
2026-08-06 09:16:42 INFO  [TestNG-PoolService-2] hooks.Hooks - Browser closed successfully
2026-08-06 09:16:42 INFO  [TestNG-PoolService-2] hooks.Hooks - Test Execution Completed
2026-08-06 09:16:42 INFO  [TestNG-PoolService-2] hooks.Hooks - --------------------------------------
]]></system-out>
    <system-err><![CDATA[Aug 06, 2026 9:16:24 AM org.openqa.selenium.devtools.CdpVersionFinder findNearestMatch
WARNING: Unable to find CDP implementation matching 150
Aug 06, 2026 9:16:24 AM org.openqa.selenium.chromium.ChromiumDriver lambda$new$4
WARNING: Unable to find version of CDP to use for 150.0.7871.187. You may need to include a dependency on a specific version of the CDP using something similar to `org.seleniumhq.selenium:selenium-devtools-v86:4.34.0` where the version ("v86") matches the version of the chromium-based browser you're using and the version number of the artifact is the same as Selenium's.
Aug 06, 2026 9:16:24 AM org.openqa.selenium.devtools.CdpVersionFinder findNearestMatch
WARNING: Unable to find CDP implementation matching 150
Aug 06, 2026 9:16:24 AM org.openqa.selenium.chromium.ChromiumDriver lambda$new$4
WARNING: Unable to find version of CDP to use for 150.0.7871.187. You may need to include a dependency on a specific version of the CDP using something similar to `org.seleniumhq.selenium:selenium-devtools-v86:4.34.0` where the version ("v86") matches the version of the chromium-based browser you're using and the version number of the artifact is the same as Selenium's.
Aug 06, 2026 9:16:26 AM org.openqa.selenium.devtools.CdpVersionFinder findNearestMatch
WARNING: Unable to find CDP implementation matching 150
Aug 06, 2026 9:16:26 AM org.openqa.selenium.chromium.ChromiumDriver lambda$new$4
WARNING: Unable to find version of CDP to use for 150.0.7871.187. You may need to include a dependency on a specific version of the CDP using something similar to `org.seleniumhq.selenium:selenium-devtools-v86:4.34.0` where the version ("v86") matches the version of the chromium-based browser you're using and the version number of the artifact is the same as Selenium's.
]]></system-err>
  </testcase>
  <testcase name="runScenario[&quot;For Invalid username Login Test&quot;, &quot;OrangeHRM Login&quot;](2)" classname="runners.TestRunner" time="35.364"/>
  <testcase name="runScenario[&quot;For invalid password Login Test&quot;, &quot;OrangeHRM Login&quot;](3)" classname="runners.TestRunner" time="35.375">
    <system-out><![CDATA[2026-08-06 09:16:42 INFO  [TestNG-PoolService-3] hooks.Hooks - Browser closed successfully
2026-08-06 09:16:42 INFO  [TestNG-PoolService-3] hooks.Hooks - Test Execution Completed
2026-08-06 09:16:42 INFO  [TestNG-PoolService-3] hooks.Hooks - --------------------------------------
]]></system-out>
  </testcase>
</testsuite>