<?xml version="1.0" encoding="UTF-8"?>
<!-- Generated by org.testng.reporters.JUnitReportReporter -->
<testsuite hostname="DESKTOP-1J8NN05" failures="0" tests="3" name="runners.TestRunner" time="136.624" errors="0" timestamp="2026-08-06T08:15:40 IST" skipped="0">
  <testcase classname="runners.TestRunner" name="runScenario" time="46.020"/>
  <testcase classname="runners.TestRunner" name="runScenario" time="44.505"/>
  <testcase classname="runners.TestRunner" name="runScenario" time="46.099"/>
</testsuite> <!-- runners.TestRunner -->
