<?xml version="1.0" encoding="UTF-8"?>
<!-- Generated by org.testng.reporters.JUnitReportReporter -->
<testsuite hostname="DESKTOP-1J8NN05" failures="0" tests="3" name="runners.TestRunner" time="106.109" errors="0" timestamp="2026-08-06T09:16:44 IST" skipped="0">
  <testcase classname="runners.TestRunner" name="runScenario" time="35.383"/>
  <testcase classname="runners.TestRunner" name="runScenario" time="35.362"/>
  <testcase classname="runners.TestRunner" name="runScenario" time="35.364"/>
</testsuite> <!-- runners.TestRunner -->
