<?xml version="1.0" encoding="UTF-8"?>
<!-- Generated by org.testng.reporters.JUnitReportReporter -->
<testsuite hostname="DESKTOP-1J8NN05" failures="0" tests="3" name="runners.TestRunner" time="72.315" errors="0" timestamp="2026-07-21T08:20:20 IST" skipped="0">
  <testcase classname="runners.TestRunner" name="runScenario" time="25.114"/>
  <testcase classname="runners.TestRunner" name="runScenario" time="23.632"/>
  <testcase classname="runners.TestRunner" name="runScenario" time="23.569"/>
</testsuite> <!-- runners.TestRunner -->
